# JRE version: OpenJDK Runtime Environment (8.0_242-b01) (build 1.8.0_242-release-1644-b01)
# Java VM: OpenJDK 64-Bit Server VM (25.242-b01 mixed mode windows-amd64 compressed oops)
Heap:
 PSYoungGen      total 454144K, used 336555K [0x00000000d5580000, 0x00000000f3700000, 0x0000000100000000)
  eden space 422400K, 72% used [0x00000000d5580000,0x00000000e81a60f8,0x00000000ef200000)
  from space 31744K, 91% used [0x00000000f1700000,0x00000000f3384b90,0x00000000f3600000)
  to   space 35328K, 0% used [0x00000000ef200000,0x00000000ef200000,0x00000000f1480000)
 ParOldGen       total 193536K, used 46551K [0x0000000080000000, 0x000000008bd00000, 0x00000000d5580000)
  object space 193536K, 24% used [0x0000000080000000,0x0000000082d75f70,0x000000008bd00000)
 Metaspace       used 89343K, capacity 94536K, committed 94744K, reserved 1130496K
  class space    used 12103K, capacity 13057K, committed 13104K, reserved 1048576K
GC Heap History (10 events):
Event: 3.524 GC heap before
{Heap before GC invocations=9 (full 2):
 PSYoungGen      total 239616K, used 225792K [0x00000000d5580000, 0x00000000e4f00000, 0x0000000100000000)
  eden space 225792K, 100% used [0x00000000d5580000,0x00000000e3200000,0x00000000e3200000)
  from space 13824K, 0% used [0x00000000e4180000,0x00000000e4180000,0x00000000e4f00000)
  to   space 14848K, 0% used [0x00000000e3200000,0x00000000e3200000,0x00000000e4080000)
 ParOldGen       total 133120K, used 16079K [0x0000000080000000, 0x0000000088200000, 0x00000000d5580000)
  object space 133120K, 12% used [0x0000000080000000,0x0000000080fb3f10,0x0000000088200000)
 Metaspace       used 52527K, capacity 54368K, committed 54568K, reserved 1095680K
  class space    used 7016K, capacity 7433K, committed 7472K, reserved 1048576K
Event: 3.537 GC heap after
Heap after GC invocations=9 (full 2):
 PSYoungGen      total 240640K, used 14825K [0x00000000d5580000, 0x00000000eda00000, 0x0000000100000000)
  eden space 225792K, 0% used [0x00000000d5580000,0x00000000d5580000,0x00000000e3200000)
  from space 14848K, 99% used [0x00000000e3200000,0x00000000e407a6b8,0x00000000e4080000)
  to   space 22528K, 0% used [0x00000000ec400000,0x00000000ec400000,0x00000000eda00000)
 ParOldGen       total 133120K, used 27060K [0x0000000080000000, 0x0000000088200000, 0x00000000d5580000)
  object space 133120K, 20% used [0x0000000080000000,0x0000000081a6d3a8,0x0000000088200000)
 Metaspace       used 52527K, capacity 54368K, committed 54568K, reserved 1095680K
  class space    used 7016K, capacity 7433K, committed 7472K, reserved 1048576K
}
Event: 3.883 GC heap before
{Heap before GC invocations=10 (full 2):
 PSYoungGen      total 240640K, used 67772K [0x00000000d5580000, 0x00000000eda00000, 0x0000000100000000)
  eden space 225792K, 23% used [0x00000000d5580000,0x00000000d8934af8,0x00000000e3200000)
  from space 14848K, 99% used [0x00000000e3200000,0x00000000e407a6b8,0x00000000e4080000)
  to   space 22528K, 0% used [0x00000000ec400000,0x00000000ec400000,0x00000000eda00000)
 ParOldGen       total 133120K, used 27060K [0x0000000080000000, 0x0000000088200000, 0x00000000d5580000)
  object space 133120K, 20% used [0x0000000080000000,0x0000000081a6d3a8,0x0000000088200000)
 Metaspace       used 57041K, capacity 59096K, committed 59160K, reserved 1099776K
  class space    used 7714K, capacity 8187K, committed 8240K, reserved 1048576K
Event: 3.892 GC heap after
Heap after GC invocations=10 (full 2):
 PSYoungGen      total 373248K, used 19623K [0x00000000d5580000, 0x00000000edd80000, 0x0000000100000000)
  eden space 350720K, 0% used [0x00000000d5580000,0x00000000d5580000,0x00000000eac00000)
  from space 22528K, 87% used [0x00000000ec400000,0x00000000ed729d88,0x00000000eda00000)
  to   space 24576K, 0% used [0x00000000eac00000,0x00000000eac00000,0x00000000ec400000)
 ParOldGen       total 133120K, used 27068K [0x0000000080000000, 0x0000000088200000, 0x00000000d5580000)
  object space 133120K, 20% used [0x0000000080000000,0x0000000081a6f3a8,0x0000000088200000)
 Metaspace       used 57041K, capacity 59096K, committed 59160K, reserved 1099776K
  class space    used 7714K, capacity 8187K, committed 8240K, reserved 1048576K
}
Event: 3.892 GC heap before
{Heap before GC invocations=11 (full 3):
 PSYoungGen      total 373248K, used 19623K [0x00000000d5580000, 0x00000000edd80000, 0x0000000100000000)
  eden space 350720K, 0% used [0x00000000d5580000,0x00000000d5580000,0x00000000eac00000)
  from space 22528K, 87% used [0x00000000ec400000,0x00000000ed729d88,0x00000000eda00000)
  to   space 24576K, 0% used [0x00000000eac00000,0x00000000eac00000,0x00000000ec400000)
 ParOldGen       total 133120K, used 27068K [0x0000000080000000, 0x0000000088200000, 0x00000000d5580000)
  object space 133120K, 20% used [0x0000000080000000,0x0000000081a6f3a8,0x0000000088200000)
 Metaspace       used 57041K, capacity 59096K, committed 59160K, reserved 1099776K
  class space    used 7714K, capacity 8187K, committed 8240K, reserved 1048576K
Event: 4.011 GC heap after
Heap after GC invocations=11 (full 3):
 PSYoungGen      total 373248K, used 0K [0x00000000d5580000, 0x00000000edd80000, 0x0000000100000000)
  eden space 350720K, 0% used [0x00000000d5580000,0x00000000d5580000,0x00000000eac00000)
  from space 22528K, 0% used [0x00000000ec400000,0x00000000ec400000,0x00000000eda00000)
  to   space 24576K, 0% used [0x00000000eac00000,0x00000000eac00000,0x00000000ec400000)
 ParOldGen       total 193536K, used 32310K [0x0000000080000000, 0x000000008bd00000, 0x00000000d5580000)
  object space 193536K, 16% used [0x0000000080000000,0x0000000081f8daf0,0x000000008bd00000)
 Metaspace       used 57015K, capacity 59006K, committed 59160K, reserved 1099776K
  class space    used 7706K, capacity 8172K, committed 8240K, reserved 1048576K
}
Event: 10.005 GC heap before
{Heap before GC invocations=12 (full 3):
 PSYoungGen      total 373248K, used 350720K [0x00000000d5580000, 0x00000000edd80000, 0x0000000100000000)
  eden space 350720K, 100% used [0x00000000d5580000,0x00000000eac00000,0x00000000eac00000)
  from space 22528K, 0% used [0x00000000ec400000,0x00000000ec400000,0x00000000eda00000)
  to   space 24576K, 0% used [0x00000000eac00000,0x00000000eac00000,0x00000000ec400000)
 ParOldGen       total 193536K, used 32310K [0x0000000080000000, 0x000000008bd00000, 0x00000000d5580000)
  object space 193536K, 16% used [0x0000000080000000,0x0000000081f8daf0,0x000000008bd00000)
 Metaspace       used 76023K, capacity 79762K, committed 79896K, reserved 1118208K
  class space    used 10581K, capacity 11304K, committed 11312K, reserved 1048576K
Event: 10.022 GC heap after
Heap after GC invocations=12 (full 3):
 PSYoungGen      total 375296K, used 24571K [0x00000000d5580000, 0x00000000f3600000, 0x0000000100000000)
  eden space 350720K, 0% used [0x00000000d5580000,0x00000000d5580000,0x00000000eac00000)
  from space 24576K, 99% used [0x00000000eac00000,0x00000000ec3fecf0,0x00000000ec400000)
  to   space 31744K, 0% used [0x00000000f1700000,0x00000000f1700000,0x00000000f3600000)
 ParOldGen       total 193536K, used 41564K [0x0000000080000000, 0x000000008bd00000, 0x00000000d5580000)
  object space 193536K, 21% used [0x0000000080000000,0x0000000082897340,0x000000008bd00000)
 Metaspace       used 76023K, capacity 79762K, committed 79896K, reserved 1118208K
  class space    used 10581K, capacity 11304K, committed 11312K, reserved 1048576K
}
Event: 11.857 GC heap before
{Heap before GC invocations=13 (full 3):
 PSYoungGen      total 375296K, used 375291K [0x00000000d5580000, 0x00000000f3600000, 0x0000000100000000)
  eden space 350720K, 100% used [0x00000000d5580000,0x00000000eac00000,0x00000000eac00000)
  from space 24576K, 99% used [0x00000000eac00000,0x00000000ec3fecf0,0x00000000ec400000)
  to   space 31744K, 0% used [0x00000000f1700000,0x00000000f1700000,0x00000000f3600000)
 ParOldGen       total 193536K, used 41564K [0x0000000080000000, 0x000000008bd00000, 0x00000000d5580000)
  object space 193536K, 21% used [0x0000000080000000,0x0000000082897340,0x000000008bd00000)
 Metaspace       used 86251K, capacity 90946K, committed 91160K, reserved 1128448K
  class space    used 11923K, capacity 12792K, committed 12848K, reserved 1048576K
Event: 11.879 GC heap after
Heap after GC invocations=13 (full 3):
 PSYoungGen      total 454144K, used 29202K [0x00000000d5580000, 0x00000000f3700000, 0x0000000100000000)
  eden space 422400K, 0% used [0x00000000d5580000,0x00000000d5580000,0x00000000ef200000)
  from space 31744K, 91% used [0x00000000f1700000,0x00000000f3384b90,0x00000000f3600000)
  to   space 35328K, 0% used [0x00000000ef200000,0x00000000ef200000,0x00000000f1480000)
 ParOldGen       total 193536K, used 46551K [0x0000000080000000, 0x000000008bd00000, 0x00000000d5580000)
  object space 193536K, 24% used [0x0000000080000000,0x0000000082d75f70,0x000000008bd00000)
 Metaspace       used 86251K, capacity 90946K, committed 91160K, reserved 1128448K
  class space    used 11923K, capacity 12792K, committed 12848K, reserved 1048576K
}

